Build started 5/10/2016 7:51:37 AM.
     1>Project "C:\Users\Administrator\Desktop\quarkspwdump-master\src\QuarksADDumper.vcxproj" on node 2 (build target(s)).
     1>InitializeBuildStatus:
         Creating "Release\QuarksPwDump.unsuccessfulbuild" because "AlwaysCreate" was specified.
       ClCompile:
         All outputs are up-to-date.
       ResourceCompile:
         All outputs are up-to-date.
       Link:
         c:\Program Files (x86)\Microsoft Visual Studio 10.0\VC\bin\link.exe /ERRORREPORT:PROMPT /OUT:"C:\Users\Administrator\Desktop\quarkspwdump-master\Release\QuarksPwDump.exe" /INCREMENTAL:NO /NOLOGO kernel32.lib user32.lib gdi32.lib winspool.lib comdlg32.lib advapi32.lib shell32.lib ole32.lib oleaut32.lib uuid.lib odbc32.lib odbccp32.lib ESENT.lib kernel32.lib user32.lib gdi32.lib winspool.lib comdlg32.lib advapi32.lib shell32.lib ole32.lib oleaut32.lib uuid.lib odbc32.lib odbccp32.lib /MANIFEST:NO /PDB:"C:\Users\Administrator\Desktop\quarkspwdump-master\Release\QuarksPwDump.pdb" /SUBSYSTEM:CONSOLE /OPT:REF /OPT:ICF /TLBID:1 /DYNAMICBASE /NXCOMPAT /IMPLIB:"C:\Users\Administrator\Desktop\quarkspwdump-master\Release\QuarksPwDump.lib" /MACHINE:X86 Release\QuarksPwDump.res
         Release\crypt.obj
         Release\ntdsparser.obj
         Release\QuarksPwDump.obj
         Release\samparser.obj
         Release\utils.obj
         lib\libeay32MT.lib
         QuarksADDumper.vcxproj -> C:\Users\Administrator\Desktop\quarkspwdump-master\Release\QuarksPwDump.exe
       FinalizeBuildStatus:
         Deleting file "Release\QuarksPwDump.unsuccessfulbuild".
         Touching "Release\QuarksPwDump.lastbuildstate".
     1>Done Building Project "C:\Users\Administrator\Desktop\quarkspwdump-master\src\QuarksADDumper.vcxproj" (build target(s)).

Build succeeded.

Time Elapsed 00:00:01.23
